
### PREPROCESSING DATA ###
-- Vectorization
-- Feature Selection
Top 5591 features were selected

Top 30 Features:
                          token               score p-val
0                        x57095    77206.5740399187   0.0
1                        x66002  12738.738010083212   0.0
2                       diamond  10327.509512228042   0.0
3                        sparki   7303.388288067678   0.0
4                          rgds   3852.953888511898   0.0
5                     pdxectect  3706.5594321982785   0.0
6                 schedulingiso  3704.0859681797147   0.0
7   oportlandwestdeskcalifornia  3704.0859681797147   0.0
8                        x39890   3638.430614767506   0.0
9                          pars  3629.6774609916283   0.0
10                    hourahead  3493.7917921661897   0.0
11                      varianc  3488.9275154431925   0.0
12                       detect  3348.8571294629573   0.0
13                          log   2768.280901539654   0.0
14                           df   2670.979741429346   0.0
15                    ancillari  2543.2948207810086   0.0
16          8779260615skytelcom  2492.9860010461334   0.0
17                        pmail  2492.9860010461334   0.0
18                   8779260615  2492.9860010461334   0.0
19                   7133453200  2492.9860010461334   0.0
20                         hour    2423.94499142408   0.0
21                       russel  2412.9937721202255   0.0
22                        award  2136.1910462059473   0.0
23                    personnel  1974.9292794609403   0.0
24                        start  1749.9752018104193   0.0
25                          eei  1705.9258554703017   0.0
26               violationnotif  1697.7549926535173   0.0
27                       x33831  1510.5646163521196   0.0
28                       x39897  1510.5646163521196   0.0
29                        insur  1410.8080656327209   0.0 


### CLASSIFICATION using Linear SVM ###
[LibLinear]Training time: 0.35 m
Prediction time: 0.02 m
                               precision    recall  f1-score   support

        alan.comnes@enron.com       0.88      0.75      0.81       121
    amanda.rybarski@enron.com       0.29      0.07      0.12        27
        ami.chokshi@enron.com       1.00      0.76      0.86        33
   audrey.robertson@enron.com       0.93      0.98      0.96       114
         ben.jacoby@enron.com       0.75      0.12      0.20        26
           bill.iii@enron.com       0.90      0.38      0.53        24
      bill.williams@enron.com       0.86      0.92      0.89       237
        carol.clair@enron.com       0.86      0.56      0.68        45
     cheryl.johnson@enron.com       0.99      0.98      0.99       864
      cheryl.nelson@enron.com       1.00      0.85      0.92        26
      chris.dorland@enron.com       0.50      0.10      0.17        20
      chris.germany@enron.com       0.89      0.92      0.91       333
         d..steffes@enron.com       0.94      0.86      0.89        84
darrell.schoolcraft@enron.com       1.00      0.73      0.84        26
      david.forster@enron.com       0.83      0.47      0.60        51
  debra.perlingiere@enron.com       0.83      0.62      0.71        61
         don.miller@enron.com       0.88      0.67      0.76        21
        drew.fossum@enron.com       0.98      0.92      0.95        59
    elizabeth.sager@enron.com       0.90      0.33      0.49        27
enron.announcements@enron.com       0.82      0.96      0.89        69
          eric.bass@enron.com       0.72      0.79      0.76       262
     evelyn.metoyer@enron.com       0.92      0.85      0.89        55
       gerald.nemec@enron.com       1.00      0.48      0.65        21
     ginger.dernehl@enron.com       0.97      1.00      0.99      2085
      james.derrick@enron.com       0.95      0.70      0.81        30
      james.steffes@enron.com       0.80      0.61      0.69       118
      jeff.dasovich@enron.com       0.93      0.98      0.96      5202
   jeffrey.shankman@enron.com       0.90      0.78      0.84        46
        john.arnold@enron.com       1.00      0.73      0.84        22
       joseph.alamo@enron.com       0.79      0.31      0.45        35
        karen.denne@enron.com       0.88      0.37      0.52        38
         kate.symes@enron.com       0.92      0.97      0.95       134
           kay.mann@enron.com       0.73      0.80      0.76       408
      kayne.coulter@enron.com       1.00      0.75      0.86        20
 kenneth.thibodeaux@enron.com       0.99      1.00      0.99        84
     kerri.thompson@enron.com       0.89      0.89      0.89        46
    kimberly.watson@enron.com       0.56      0.25      0.34        20
      kristin.walsh@enron.com       1.00      0.80      0.89        20
      leslie.hansen@enron.com       0.87      0.85      0.86        54
      lorna.brennan@enron.com       0.99      1.00      1.00      2244
     louise.kitchen@enron.com       0.50      0.14      0.22        21
         lynn.blair@enron.com       0.77      0.85      0.80       119
          m..presto@enron.com       1.00      0.73      0.84        22
      mark.haedicke@enron.com       0.89      0.38      0.53        21
        mark.taylor@enron.com       0.56      0.29      0.38        48
          mary.cook@enron.com       0.76      0.45      0.57        55
          mary.hain@enron.com       0.83      0.84      0.83        98
    matthew.lenhart@enron.com       0.59      0.42      0.49       118
    michael.frazier@enron.com       1.00      1.00      1.00        20
      michelle.cash@enron.com       1.00      0.56      0.72        34
    michelle.nelson@enron.com       0.42      0.48      0.45        95
         mike.maggi@enron.com       0.38      0.35      0.36       111
      miyung.buster@enron.com       1.00      0.59      0.74        27
   monika.causholli@enron.com       0.98      0.93      0.96       169
         pete.davis@enron.com       1.00      1.00      1.00       610
   reagan.rorschach@enron.com       0.73      0.38      0.50        21
      rhonda.denton@enron.com       1.00      0.85      0.92        20
    richard.sanders@enron.com       0.82      0.61      0.70        23
    richard.shapiro@enron.com       0.00      0.00      0.00        21
     robin.rodrigue@enron.com       0.57      0.37      0.45        46
       rod.hayslett@enron.com       0.62      0.32      0.42        50
         sally.beck@enron.com       0.76      0.52      0.62        25
      samuel.schott@enron.com       1.00      0.98      0.99        41
    sara.shackleton@enron.com       0.66      0.80      0.72       414
      sarah.novosel@enron.com       1.00      0.67      0.80        21
       sharen.cason@enron.com       0.93      0.67      0.78        21
      sheila.glover@enron.com       0.77      0.75      0.76        36
   shirley.crenshaw@enron.com       0.80      0.31      0.44        26
    stephanie.panus@enron.com       0.88      0.84      0.86        99
   stephanie.piwetz@enron.com       0.92      0.50      0.65        24
        steven.kean@enron.com       0.90      0.47      0.62        40
         susan.mara@enron.com       0.95      0.96      0.95       849
      suzanne.adams@enron.com       1.00      0.24      0.38        21
     taffy.milligan@enron.com       0.93      0.86      0.89        97
         tana.jones@enron.com       0.89      0.94      0.91      1218
  veronica.espinoza@enron.com       1.00      1.00      1.00        46
     vince.kaminski@enron.com       0.73      0.66      0.70        95
           w..white@enron.com       0.95      0.95      0.95        21

                  avg / total       0.91      0.91      0.91     18055

Accuracy: 0.914871226807
