
### PREPROCESSING DATA ###
-- Vectorization
-- Feature Selection
Top 5591 features were selected

Top 30 Features:
                          token               score p-val
0                        x57095    77206.5740399187   0.0
1                        x66002  12738.738010083212   0.0
2                       diamond  10327.509512228042   0.0
3                        sparki   7303.388288067678   0.0
4                          rgds   3852.953888511898   0.0
5                     pdxectect  3706.5594321982785   0.0
6                 schedulingiso  3704.0859681797147   0.0
7   oportlandwestdeskcalifornia  3704.0859681797147   0.0
8                        x39890   3638.430614767506   0.0
9                          pars  3629.6774609916283   0.0
10                    hourahead  3493.7917921661897   0.0
11                      varianc  3488.9275154431925   0.0
12                       detect  3348.8571294629573   0.0
13                          log   2768.280901539654   0.0
14                           df   2670.979741429346   0.0
15                    ancillari  2543.2948207810086   0.0
16          8779260615skytelcom  2492.9860010461334   0.0
17                        pmail  2492.9860010461334   0.0
18                   8779260615  2492.9860010461334   0.0
19                   7133453200  2492.9860010461334   0.0
20                         hour    2423.94499142408   0.0
21                       russel  2412.9937721202255   0.0
22                        award  2136.1910462059473   0.0
23                    personnel  1974.9292794609403   0.0
24                        start  1749.9752018104193   0.0
25                          eei  1705.9258554703017   0.0
26               violationnotif  1697.7549926535173   0.0
27                       x33831  1510.5646163521196   0.0
28                       x39897  1510.5646163521196   0.0
29                        insur  1410.8080656327209   0.0 


### CLASSIFICATION using MLPClassifier(activation='relu', alpha=0.0001, batch_size='auto', beta_1=0.9,
       beta_2=0.999, early_stopping=True, epsilon=1e-08,
       hidden_layer_sizes=(200,), learning_rate='constant',
       learning_rate_init=0.001, max_iter=200, momentum=0.9,
       nesterovs_momentum=True, power_t=0.5, random_state=None,
       shuffle=True, solver='adam', tol=0.0001, validation_fraction=0.1,
       verbose=True, warm_start=False) ###
Iteration 1, loss = 1.64863993
Validation score: 0.809886
Iteration 2, loss = 0.73974630
Validation score: 0.864442
Iteration 3, loss = 0.53186068
Validation score: 0.886320
Iteration 4, loss = 0.42564973
Validation score: 0.897951
Iteration 5, loss = 0.35854755
Validation score: 0.908890
Iteration 6, loss = 0.31258788
Validation score: 0.912351
Iteration 7, loss = 0.27762240
Validation score: 0.915536
Iteration 8, loss = 0.25062842
Validation score: 0.919274
Iteration 9, loss = 0.22837434
Validation score: 0.923013
Iteration 10, loss = 0.21005115
Validation score: 0.924121
Iteration 11, loss = 0.19452447
Validation score: 0.926475
Iteration 12, loss = 0.18122511
Validation score: 0.929244
Iteration 13, loss = 0.16939670
Validation score: 0.929382
Iteration 14, loss = 0.15897672
Validation score: 0.929382
Iteration 15, loss = 0.14987626
Validation score: 0.929659
Iteration 16, loss = 0.14167950
Validation score: 0.930075
Iteration 17, loss = 0.13440146
Validation score: 0.930075
Iteration 18, loss = 0.12755729
Validation score: 0.928275
Iteration 19, loss = 0.12163264
Validation score: 0.930352
Iteration 20, loss = 0.11633336
Validation score: 0.929521
Iteration 21, loss = 0.11137483
Validation score: 0.929521
Iteration 22, loss = 0.10692109
Validation score: 0.929521
Validation score did not improve more than tol=0.000100 for two consecutive epochs. Stopping.
Training time: 6.58 m
Prediction time: 0.02 m
                               precision    recall  f1-score   support

        alan.comnes@enron.com       0.95      0.83      0.89       121
    amanda.rybarski@enron.com       0.33      0.11      0.17        27
        ami.chokshi@enron.com       1.00      0.82      0.90        33
   audrey.robertson@enron.com       0.97      0.99      0.98       114
         ben.jacoby@enron.com       0.89      0.31      0.46        26
           bill.iii@enron.com       0.89      0.67      0.76        24
      bill.williams@enron.com       0.90      0.92      0.91       237
        carol.clair@enron.com       0.85      0.62      0.72        45
     cheryl.johnson@enron.com       1.00      0.98      0.99       864
      cheryl.nelson@enron.com       0.90      0.73      0.81        26
      chris.dorland@enron.com       0.33      0.10      0.15        20
      chris.germany@enron.com       0.95      0.92      0.93       333
         d..steffes@enron.com       0.94      0.76      0.84        84
darrell.schoolcraft@enron.com       1.00      0.73      0.84        26
      david.forster@enron.com       0.83      0.69      0.75        51
  debra.perlingiere@enron.com       0.81      0.65      0.72        60
         don.miller@enron.com       0.93      0.62      0.74        21
        drew.fossum@enron.com       0.95      0.95      0.95        60
    elizabeth.sager@enron.com       0.84      0.59      0.70        27
enron.announcements@enron.com       0.88      0.84      0.86        69
          eric.bass@enron.com       0.76      0.82      0.79       262
     evelyn.metoyer@enron.com       0.88      0.89      0.88        56
       gerald.nemec@enron.com       0.82      0.43      0.56        21
     ginger.dernehl@enron.com       0.99      1.00      0.99      2085
      james.derrick@enron.com       0.81      0.76      0.79        29
      james.steffes@enron.com       0.81      0.76      0.79       118
      jeff.dasovich@enron.com       0.95      0.99      0.97      5202
   jeffrey.shankman@enron.com       0.79      0.67      0.73        46
        john.arnold@enron.com       0.94      0.68      0.79        22
       joseph.alamo@enron.com       0.76      0.54      0.63        35
        karen.denne@enron.com       0.91      0.53      0.67        38
         kate.symes@enron.com       0.93      0.96      0.95       134
           kay.mann@enron.com       0.67      0.78      0.72       408
      kayne.coulter@enron.com       0.81      0.65      0.72        20
 kenneth.thibodeaux@enron.com       0.99      0.99      0.99        84
     kerri.thompson@enron.com       0.87      0.87      0.87        46
    kimberly.watson@enron.com       0.73      0.40      0.52        20
      kristin.walsh@enron.com       1.00      0.85      0.92        20
      leslie.hansen@enron.com       0.94      0.91      0.92        54
      lorna.brennan@enron.com       0.99      1.00      1.00      2244
     louise.kitchen@enron.com       0.14      0.05      0.07        21
         lynn.blair@enron.com       0.84      0.82      0.83       119
          m..presto@enron.com       1.00      0.73      0.84        22
      mark.haedicke@enron.com       0.68      0.62      0.65        21
        mark.taylor@enron.com       0.52      0.50      0.51        48
          mary.cook@enron.com       0.72      0.53      0.61        55
          mary.hain@enron.com       0.89      0.85      0.87        98
    matthew.lenhart@enron.com       0.46      0.62      0.53       118
    michael.frazier@enron.com       1.00      0.95      0.97        20
      michelle.cash@enron.com       0.82      0.68      0.74        34
    michelle.nelson@enron.com       0.55      0.48      0.51        95
         mike.maggi@enron.com       0.49      0.32      0.38       111
      miyung.buster@enron.com       0.95      0.78      0.86        27
   monika.causholli@enron.com       0.98      0.95      0.96       169
         pete.davis@enron.com       1.00      1.00      1.00       610
   reagan.rorschach@enron.com       0.75      0.43      0.55        21
      rhonda.denton@enron.com       1.00      0.85      0.92        20
    richard.sanders@enron.com       1.00      0.65      0.79        23
    richard.shapiro@enron.com       1.00      0.14      0.25        21
     robin.rodrigue@enron.com       0.57      0.46      0.51        46
       rod.hayslett@enron.com       0.67      0.60      0.63        50
         sally.beck@enron.com       0.57      0.68      0.62        25
      samuel.schott@enron.com       1.00      0.95      0.97        41
    sara.shackleton@enron.com       0.71      0.85      0.77       414
      sarah.novosel@enron.com       0.70      0.67      0.68        21
       sharen.cason@enron.com       1.00      0.76      0.86        21
      sheila.glover@enron.com       0.83      0.69      0.76        36
   shirley.crenshaw@enron.com       0.67      0.38      0.49        26
    stephanie.panus@enron.com       0.83      0.93      0.88        99
   stephanie.piwetz@enron.com       0.82      0.75      0.78        24
        steven.kean@enron.com       0.87      0.68      0.76        40
         susan.mara@enron.com       0.98      0.97      0.97       849
      suzanne.adams@enron.com       0.73      0.38      0.50        21
     taffy.milligan@enron.com       0.87      0.96      0.91        97
         tana.jones@enron.com       0.94      0.94      0.94      1218
  veronica.espinoza@enron.com       1.00      1.00      1.00        46
     vince.kaminski@enron.com       0.71      0.72      0.71        95
           w..white@enron.com       0.94      0.76      0.84        21

                  avg / total       0.93      0.93      0.92     18055

Accuracy: 0.926557740238
