
### PREPROCESSING DATA ###
-- Vectorization
-- Feature Selection
Top 5591 features were selected

Top 30 Features:
                          token               score p-val
0                        x57095  14625.401583510442   0.0
1                        x66002   2413.483136001117   0.0
2                       diamond  1957.9012640338399   0.0
3                        sparki  1383.4960035666038   0.0
4                     pdxectect   733.2282576900748   0.0
5                 schedulingiso   701.6726937846581   0.0
6   oportlandwestdeskcalifornia   701.6726937846581   0.0
7                          pars   687.5704119595641   0.0
8                     hourahead    661.845910701514   0.0
9                       varianc   660.9411250186104   0.0
10                       detect   634.3857932456237   0.0
11                       samuel   582.5185386692814   0.0
12              schotthouectect   528.6752749761374   0.0
13                          log   519.0773094393022   0.0
14             lamberthouectect   512.9544108657964   0.0
15                           df   510.6154626355066   0.0
16                    ancillari  481.60640927387425   0.0
17                        debbi   480.1220413090751   0.0
18                        brant   474.7883071119541   0.0
19                   7133453200   472.2515130449619   0.0
20                   8779260615   472.2515130449619   0.0
21                        pmail   472.2515130449619   0.0
22          8779260615skytelcom   472.2515130449619   0.0
23              taylorhouectect   459.0091602394224   0.0
24                       russel   458.9986906499091   0.0
25                         hour  458.29854753520954   0.0
26               hardylonectect   457.4520114250669   0.0
27            bracketthouectect   422.7329228340482   0.0
28                        award   404.7422320212501   0.0
29                          eol  387.98939719774455   0.0 


### CLASSIFICATION using RBF SVM ###
[LibSVM]Training time: 480.46 m
Prediction time: 122.39 m
                                   precision    recall  f1-score   support

         alan.aronowitz@enron.com       0.06      0.11      0.08        76
            alan.comnes@enron.com       0.12      0.06      0.08       154
           alberto.levy@enron.com       0.00      0.00      0.00        20
           aleck.dadson@enron.com       0.00      0.00      0.00        23
            all.houston@enron.com       0.90      0.88      0.89        32
          all.worldwide@enron.com       0.96      0.68      0.79        37
            allen.cohrs@enron.com       0.00      0.00      0.00        30
        amanda.rybarski@enron.com       0.75      0.12      0.21        25
            andrea.calo@enron.com       0.07      0.06      0.07        31
         angela.schwarz@enron.com       0.00      0.00      0.00        42
         anthony.campos@enron.com       0.00      0.00      0.00        21
             ava.garcia@enron.com       0.22      0.45      0.30        22
         barbara.hueter@enron.com       0.00      0.00      0.00        20
             ben.jacoby@enron.com       0.38      0.32      0.34        57
        benjamin.rogers@enron.com       0.94      0.71      0.81        21
     bernadette.hawkins@enron.com       0.00      0.00      0.00        29
      bernice.rodriguez@enron.com       0.00      0.00      0.00        23
            bert.meyers@enron.com       0.00      0.00      0.00        20
           beverly.aden@enron.com       1.00      0.02      0.05        41
          beverly.beaty@enron.com       0.11      0.08      0.09        24
            bill.fowler@enron.com       0.00      0.00      0.00        31
           bill.mangels@enron.com       0.00      0.00      0.00        21
             bill.moore@enron.com       0.00      0.00      0.00        25
             bill.votaw@enron.com       0.64      0.44      0.52        41
          bill.williams@enron.com       0.09      0.10      0.09        31
              bob.bowen@enron.com       0.00      0.00      0.00        46
           bob.burleson@enron.com       0.00      0.00      0.00        33
            bob.stevens@enron.com       0.00      0.00      0.00        32
            brant.reves@enron.com       0.00      0.00      0.00        24
         brenda.barreda@enron.com       0.00      0.00      0.00        41
        brenda.fletcher@enron.com       0.21      0.17      0.19        30
       brenda.whitehead@enron.com       0.88      0.52      0.65        27
           brent.hendry@enron.com       0.29      0.11      0.16        90
          brian.hoskins@enron.com       0.23      0.14      0.18        21
     bridgette.anderson@enron.com       0.00      0.00      0.00        20
            bruce.mills@enron.com       0.00      0.00      0.00        21
             bryan.hull@enron.com       0.16      0.40      0.23        75
            carlos.sole@enron.com       0.45      0.36      0.40        47
           carmen.perez@enron.com       0.00      0.00      0.00        20
            carol.clair@enron.com       0.20      0.07      0.11        70
          carol.moffett@enron.com       1.00      0.12      0.22        41
         carolyn.cooney@enron.com       0.00      0.00      0.00        30
      cassandra.schultz@enron.com       0.00      0.00      0.00        20
           cathy.corbin@enron.com       0.00      0.00      0.00        41
            chad.landry@enron.com       0.00      0.00      0.00        29
          charles.yeung@enron.com       0.00      0.00      0.00        31
           cheryl.dawes@enron.com       0.00      0.00      0.00        21
             chris.abel@enron.com       0.57      0.20      0.30        20
           chris.foster@enron.com       0.00      0.00      0.00        48
             chris.long@enron.com       0.00      0.00      0.00        24
          chris.sebesta@enron.com       0.00      0.00      0.00        31
        christa.winfrey@enron.com       0.00      0.00      0.00        20
        christi.nicolay@enron.com       0.00      0.00      0.00        21
        christian.yoder@enron.com       0.00      0.00      0.00        22
      christina.liscano@enron.com       0.00      0.00      0.00        41
       christine.stokes@enron.com       0.00      0.00      0.00        29
     christopher.calger@enron.com       1.00      0.06      0.11        34
        chuck.wilkinson@enron.com       0.00      0.00      0.00        33
             cindy.horn@enron.com       0.00      0.00      0.00        21
     controllers.dl-ets@enron.com       1.00      0.77      0.87        26
        courtney.barker@enron.com       0.00      0.00      0.00        24
          craig.buehler@enron.com       0.00      0.00      0.00        32
             craig.dean@enron.com       0.00      0.00      0.00        22
          craig.rickard@enron.com       0.00      0.00      0.00        21
           craig.sutter@enron.com       0.00      0.00      0.00        41
cyndie.balfour-flanagan@enron.com       0.00      0.00      0.00        21
             d..steffes@enron.com       0.85      0.74      0.80        47
            dan.dorland@enron.com       1.00      0.15      0.26        20
              dan.junek@enron.com       0.28      0.22      0.24        23
               dan.leff@enron.com       0.05      0.01      0.02        70
            dan.staines@enron.com       0.00      0.00      0.00        30
             dana.jones@enron.com       0.00      0.00      0.00        30
      daniel.allegretti@enron.com       0.00      0.00      0.00        33
           daren.farmer@enron.com       1.00      0.79      0.88        33
          dave.neubauer@enron.com       0.00      0.00      0.00        34
            david.allan@enron.com       0.14      0.14      0.14        28
           david.badura@enron.com       0.00      0.00      0.00        20
         david.baumbach@enron.com       0.14      0.03      0.05        31
            david.hardy@enron.com       0.00      0.00      0.00        22
            david.minns@enron.com       0.78      0.59      0.67        59
             david.port@enron.com       0.45      0.64      0.53        22
            david.portz@enron.com       0.61      0.72      0.66        32
        debbie.brackett@enron.com       0.00      0.00      0.00        21
       debora.whitehead@enron.com       1.00      0.02      0.05        41
      debra.perlingiere@enron.com       0.00      0.00      0.00        21
       dennis.benevides@enron.com       0.14      0.01      0.03        72
            dianne.seib@enron.com       0.00      0.00      0.00        20
           dick.jenkins@enron.com       0.00      0.00      0.00        25
           dirk.dimitry@enron.com       0.03      0.04      0.04        23
          dirk.vanulden@enron.com       0.00      0.00      0.00        35
              don.black@enron.com       1.00      0.01      0.03        70
             don.powell@enron.com       0.00      0.00      0.00        30
         donald.lassere@enron.com       0.00      0.00      0.00        31
           donna.fulton@enron.com       0.00      0.00      0.00        24
     dorothy.youngblood@enron.com       0.00      0.00      0.00        41
         douglas.condon@enron.com       0.00      0.00      0.00        31
           douglas.huth@enron.com       0.33      0.02      0.04        42
              e..carter@enron.com       0.97      0.97      0.97        33
           edward.sacks@enron.com       0.00      0.00      0.00        42
         eileen.peebles@enron.com       0.00      0.00      0.00        25
      elizabeth.linnell@enron.com       0.00      0.00      0.00        33
        elizabeth.sager@enron.com       0.06      0.09      0.07        33
              elsie.lew@enron.com       0.00      0.00      0.00        21
         eric.gillaspie@enron.com       0.78      0.33      0.47        21
             eric.letke@enron.com       0.00      0.00      0.00        26
            eric.melvin@enron.com       0.45      0.12      0.19        41
            erika.dupre@enron.com       0.00      0.00      0.00        41
            evan.hughes@enron.com       0.00      0.00      0.00        43
         evelyn.metoyer@enron.com       0.71      0.96      0.82        47
           fran.deltoro@enron.com       1.00      0.05      0.09        42
            frank.davis@enron.com       0.20      0.22      0.21        49
        frank.oldenhuis@enron.com       0.00      0.00      0.00        33
            frank.rishe@enron.com       0.00      0.00      0.00        30
            frank.semin@enron.com       0.00      0.00      0.00        32
         gabriel.monroy@enron.com       0.46      0.52      0.49        46
           gayle.muench@enron.com       0.00      0.00      0.00        41
           geir.solberg@enron.com       0.00      0.00      0.00        23
       genia.fitzgerald@enron.com       0.00      0.00      0.00        20
           geoff.storey@enron.com       0.00      0.00      0.00        21
         geriann.warner@enron.com       0.00      0.00      0.00        30
         germain.palmer@enron.com       0.00      0.00      0.00        20
         ginger.dernehl@enron.com       0.00      0.00      0.00        82
          gloria.ogenyi@enron.com       0.00      0.00      0.00        30
          gordon.savage@enron.com       1.00      0.05      0.09        42
             greg.wolfe@enron.com       0.00      0.00      0.00        35
      guillermo.canovas@enron.com       0.00      0.00      0.00        20
        harold.buchanan@enron.com       0.00      0.00      0.00        41
          harry.collins@enron.com       0.32      0.14      0.20        85
        harry.kingerski@enron.com       0.02      0.03      0.02       179
          heather.kroll@enron.com       0.18      0.07      0.10        29
          howard.fromer@enron.com       0.00      0.00      0.00        33
             iris.waser@enron.com       0.00      0.00      0.00        41
               j.harris@enron.com       1.00      0.93      0.97        30
            james.bryja@enron.com       0.00      0.00      0.00        21
            james.lewis@enron.com       0.00      0.00      0.00        42
         james.saunders@enron.com       0.14      0.04      0.07        23
          james.steffes@enron.com       0.05      0.17      0.08       263
           james.wright@enron.com       0.02      0.22      0.04       108
           jane.mcbride@enron.com       0.00      0.00      0.00        37
         janel.guerrero@enron.com       0.00      0.00      0.00        87
           janet.bowers@enron.com       0.00      0.00      0.00        33
      janette.elbertson@enron.com       0.83      0.24      0.37        21
          janine.migden@enron.com       0.00      0.00      0.00        32
          jean.dressler@enron.com       0.00      0.00      0.00        29
             jean.ryall@enron.com       0.00      0.00      0.00        27
          jeff.dasovich@enron.com       0.10      0.46      0.16       313
           jeff.messina@enron.com       0.00      0.00      0.00        41
           jeff.nielsen@enron.com       0.00      0.00      0.00        27
        jeffery.fawcett@enron.com       0.00      0.00      0.00        38
          jeffrey.hodge@enron.com       0.00      0.00      0.00        74
         jennifer.burns@enron.com       0.75      0.83      0.78        46
        jennifer.fraser@enron.com       1.00      0.45      0.62        22
       jennifer.rudolph@enron.com       0.00      0.00      0.00        39
        jeremy.blachman@enron.com       0.00      0.00      0.00        80
            jeremy.wong@enron.com       0.00      0.00      0.00        20
            jess.hewitt@enron.com       0.00      0.00      0.00        41
              jim.homco@enron.com       0.00      0.00      0.00        21
           jim.wiltfong@enron.com       0.00      0.00      0.00        24
            jo.williams@enron.com       0.00      0.00      0.00        35
             joan.quick@enron.com       0.00      0.00      0.00        21
          joann.collins@enron.com       0.27      0.27      0.27        30
              joe.allen@enron.com       0.00      0.00      0.00        30
             joe.connor@enron.com       0.00      0.00      0.00        29
            joe.hartsoe@enron.com       0.27      0.12      0.17       112
          john.buchanan@enron.com       0.27      0.38      0.32        40
         john.dushinske@enron.com       0.00      0.00      0.00        35
            john.fiscus@enron.com       0.00      0.00      0.00        30
          john.lavorato@enron.com       0.94      0.80      0.86        20
           john.neslage@enron.com       1.00      0.23      0.38        26
     john.postlethwaite@enron.com       1.00      0.81      0.89        21
          john.viverito@enron.com       0.00      0.00      0.00        40
         joni.bollinger@enron.com       0.00      0.00      0.00        31
           joseph.alamo@enron.com       0.38      0.16      0.23        87
         juan.hernandez@enron.com       0.67      0.50      0.57        20
          jubran.whalan@enron.com       0.00      0.00      0.00        60
          judy.townsend@enron.com       0.04      0.04      0.04        27
            karen.denne@enron.com       0.06      0.06      0.06       181
       karen.lagerstrom@enron.com       0.00      0.00      0.00        32
          karen.lambert@enron.com       0.00      0.00      0.00        21
             kate.symes@enron.com       0.54      0.78      0.64       183
      kathleen.carnahan@enron.com       0.57      0.48      0.52        56
      kathleen.sullivan@enron.com       0.00      0.00      0.00        29
       kathryn.corbally@enron.com       0.00      0.00      0.00        42
             kathy.bass@enron.com       0.00      0.00      0.00        41
           kathy.dodgen@enron.com       0.00      0.00      0.00        42
               kay.mann@enron.com       0.52      0.54      0.53        68
             kay.threet@enron.com       0.00      0.00      0.00        32
             kaye.ellis@enron.com       0.38      0.29      0.32        42
          ken.gustafson@enron.com       1.00      0.17      0.29        42
             ken.powers@enron.com       0.00      0.00      0.00        30
            kent.miller@enron.com       0.00      0.00      0.00        34
         kerri.thompson@enron.com       0.94      0.67      0.78        45
           kerry.stroup@enron.com       0.00      0.00      0.00        30
           kevin.hughes@enron.com       0.00      0.00      0.00        41
            kevin.hyatt@enron.com       0.00      0.00      0.00        51
        kimberly.watson@enron.com       0.00      0.00      0.00        38
         kirsten.bellas@enron.com       0.00      0.00      0.00        27
             kori.loibl@enron.com       0.00      0.00      0.00        24
             l..nicolay@enron.com       0.93      0.82      0.87        34
           lara.leibman@enron.com       0.00      0.00      0.00        30
           larry.pavlou@enron.com       0.00      0.00      0.00        34
            larry.swett@enron.com       0.00      0.00      0.00        30
       laura.lantefield@enron.com       0.00      0.00      0.00        31
           laurel.adams@enron.com       0.00      0.00      0.00        21
          laurie.knight@enron.com       0.00      0.00      0.00        29
           leaf.harasin@enron.com       0.00      0.00      0.00        20
            leasa.lopez@enron.com       0.00      0.00      0.00        41
            lee.ferrell@enron.com       0.00      0.00      0.00        23
              lee.huber@enron.com       0.00      0.00      0.00        24
          leslie.hansen@enron.com       0.00      0.00      0.00        69
          leslie.lawner@enron.com       0.00      0.00      0.00        31
        leticia.botello@enron.com       0.00      0.00      0.00        41
            linda.guinn@enron.com       1.00      0.70      0.82        23
        linda.robertson@enron.com       0.00      0.00      0.00        96
           lindy.donoho@enron.com       0.00      0.00      0.00        72
             lisa.bills@enron.com       0.21      0.13      0.16        23
          lisa.gillette@enron.com       0.29      0.19      0.23        36
              lisa.lees@enron.com       0.50      0.17      0.25        24
            lisa.valley@enron.com       0.00      0.00      0.00        31
              lisa.yoho@enron.com       0.00      0.00      0.00        32
            liz.hillman@enron.com       0.00      0.00      0.00        21
            lon.stanton@enron.com       0.00      0.00      0.00        24
          lora.sullivan@enron.com       0.00      0.00      0.00        30
          loren.penkava@enron.com       0.00      0.00      0.00        31
      lorraine.lindberg@enron.com       0.00      0.00      0.00        73
         louise.kitchen@enron.com       0.75      0.46      0.57        26
              luis.mena@enron.com       0.67      0.18      0.29        22
             lynn.blair@enron.com       0.00      0.00      0.00        21
           lynn.shivers@enron.com       0.00      0.00      0.00        21
      marchris.robinson@enron.com       0.00      0.00      0.00        30
            marie.heard@enron.com       0.06      0.07      0.07       107
        marilyn.colbert@enron.com       0.00      0.00      0.00        22
            mark.guzman@enron.com       0.53      0.58      0.56        43
            mark.muller@enron.com       0.83      0.12      0.21        41
            mark.taylor@enron.com       0.20      0.27      0.23       173
           marsha.suggs@enron.com       0.00      0.00      0.00        41
          martha.benner@enron.com       0.85      0.78      0.81        36
        martha.janousek@enron.com       0.00      0.00      0.00        32
          martin.wenzel@enron.com       0.00      0.00      0.00        30
            marty.sunde@enron.com       1.00      0.07      0.13        43
              mary.cook@enron.com       0.40      0.08      0.14        24
              mary.hain@enron.com       0.25      0.02      0.04        45
        matthew.lenhart@enron.com       0.22      0.05      0.08        39
       maureen.mcvicker@enron.com       0.28      0.34      0.31        70
         melinda.pharms@enron.com       0.00      0.00      0.00        24
     meredith.eggleston@enron.com       0.00      0.00      0.00        41
         michael.bodnar@enron.com       0.00      0.00      0.00        20
          michael.eiben@enron.com       0.00      0.00      0.00        21
       michael.etringer@enron.com       0.00      0.00      0.00        50
           michael.mann@enron.com       0.00      0.00      0.00        42
         michael.ratner@enron.com       0.00      0.00      0.00        31
          michael.stage@enron.com       0.00      0.00      0.00        24
       michael.tribolet@enron.com       0.00      0.00      0.00        78
      michelle.cisneros@enron.com       0.00      0.00      0.00        42
         michelle.lokay@enron.com       0.01      0.03      0.01        75
        michelle.nelson@enron.com       0.19      0.27      0.22        86
             mike.barry@enron.com       0.00      0.00      0.00        31
          mike.croucher@enron.com       0.00      0.00      0.00        21
             mike.maggi@enron.com       0.20      0.76      0.32       122
           mike.mcgowan@enron.com       0.00      0.00      0.00        22
             mike.smith@enron.com       0.15      0.06      0.08        69
             mike.ullom@enron.com       0.00      0.00      0.00        21
        miriam.martinez@enron.com       0.00      0.00      0.00        20
         mona.petrochko@enron.com       0.00      0.00      0.00        47
      morgan.gottsponer@enron.com       0.00      0.00      0.00        24
                mpalmer@enron.com       0.00      0.00      0.00        89
          nancy.hetrick@enron.com       0.00      0.00      0.00        30
         nathan.hlavaty@enron.com       0.00      0.00      0.00        21
              neal.shaw@enron.com       0.00      0.00      0.00        20
           neil.bresnan@enron.com       0.00      0.00      0.00        43
              neil.hong@enron.com       0.00      0.00      0.00        41
          nicholas.oday@enron.com       0.86      0.44      0.59        27
          oneal.winfree@enron.com       0.20      0.09      0.12        23
          patrick.keene@enron.com       0.00      0.00      0.00        31
         patti.thompson@enron.com       0.88      0.56      0.68        25
           paul.kaufman@enron.com       0.08      0.13      0.10       255
           paula.warren@enron.com       1.00      0.10      0.18        41
         peggy.hedstrom@enron.com       0.00      0.00      0.00        21
         penny.mccarran@enron.com       0.00      0.00      0.00        33
             pete.davis@enron.com       1.00      1.00      1.00       610
          peter.keohane@enron.com       0.00      0.00      0.00        38
           phillip.love@enron.com       0.71      0.22      0.33        23
         portland.shift@enron.com       1.00      0.46      0.63        24
              r..conner@enron.com       1.00      0.90      0.95        21
            rahil.jafry@enron.com       0.00      0.00      0.00        21
            ray.alvarez@enron.com       0.00      0.00      0.00        24
       reagan.rorschach@enron.com       0.60      0.35      0.44        26
             recipients@enron.com       1.00      1.00      1.00        46
          reyna.cabrera@enron.com       0.00      0.00      0.00        29
      richard.ingersoll@enron.com       0.00      0.00      0.00        22
        richard.leibert@enron.com       0.00      0.00      0.00        41
         richard.mckeel@enron.com       0.00      0.00      0.00        21
        richard.sanders@enron.com       0.02      0.15      0.04       120
        richard.shapiro@enron.com       0.06      0.25      0.10       346
     richard.zdunkewicz@enron.com       0.00      0.00      0.00        41
               rick.buy@enron.com       0.19      0.24      0.21        21
             rick.dietz@enron.com       0.00      0.00      0.00        21
          rita.hennessy@enron.com       0.00      0.00      0.00        42
             rita.wynne@enron.com       0.00      0.00      0.00        20
             rob.wilson@enron.com       0.00      0.00      0.00        24
            robbi.rossi@enron.com       0.07      0.23      0.10        57
         robert.allwein@enron.com       0.09      0.15      0.11        34
          robert.badeer@enron.com       0.00      0.00      0.00        49
           robert.frank@enron.com       0.67      0.04      0.07        52
        robert.hemstock@enron.com       0.00      0.00      0.00        32
           robert.mason@enron.com       0.00      0.00      0.00        28
     robert.neustaedter@enron.com       0.00      0.00      0.00        31
        robert.williams@enron.com       1.00      0.20      0.34        44
            robin.barbe@enron.com       0.08      0.07      0.08        27
          rockey.storie@enron.com       0.00      0.00      0.00        21
             roger.yang@enron.com       0.80      0.08      0.15        50
         rogers.herndon@enron.com       1.00      0.73      0.84        22
           romeo.dsouza@enron.com       0.00      0.00      0.00        21
     rosalinda.tijerina@enron.com       0.00      0.00      0.00        41
      roseann.engeldorf@enron.com       0.33      0.26      0.29        35
             roy.boston@enron.com       0.00      0.00      0.00        30
         rubena.buerger@enron.com       0.00      0.00      0.00        30
        russell.diamond@enron.com       0.16      0.06      0.09        49
           ryan.slinger@enron.com       0.00      0.00      0.00        22
          samantha.boyd@enron.com       0.45      0.16      0.24        31
        sandra.mccubbin@enron.com       0.27      0.12      0.17       156
        sara.shackleton@enron.com       0.22      0.50      0.31       233
         sarabeth.smith@enron.com       0.00      0.00      0.00        22
          sarah.novosel@enron.com       0.18      0.08      0.11       168
           scott.bolton@enron.com       0.00      0.00      0.00        30
             scott.gahn@enron.com       0.00      0.00      0.00        48
          scott.goodell@enron.com       0.45      0.36      0.40        36
      scott.hendrickson@enron.com       0.43      0.14      0.21        21
          scott.stoness@enron.com       0.00      0.00      0.00        49
         scotty.gilbert@enron.com       0.00      0.00      0.00        21
             sean.bolks@enron.com       0.00      0.00      0.00        32
        settlements.ees@enron.com       1.00      0.95      0.97        20
          shanna.husser@enron.com       0.58      0.34      0.43        41
           sharen.cason@enron.com       0.74      0.81      0.77        21
            shari.stack@enron.com       0.33      0.02      0.05        41
            sharon.dick@enron.com       0.00      0.00      0.00        42
           sheila.nacey@enron.com       0.00      0.00      0.00        21
           sheila.tweed@enron.com       0.36      0.22      0.27        41
         shelley.corman@enron.com       0.35      0.26      0.30        23
           sheri.thomas@enron.com       0.00      0.00      0.00        22
       shirley.crenshaw@enron.com       0.51      0.63      0.56        67
                  skean@enron.com       0.06      0.01      0.02       105
      stacey.richardson@enron.com       0.00      0.00      0.00        23
          stacy.dickson@enron.com       0.00      0.00      0.00        54
     stephanie.korbelik@enron.com       0.00      0.00      0.00        30
        stephanie.panus@enron.com       0.27      0.22      0.24        36
       stephanie.piwetz@enron.com       0.57      0.59      0.58        22
        stephanie.sever@enron.com       0.09      0.08      0.09        37
          stephen.burns@enron.com       0.00      0.00      0.00        29
         stephen.herber@enron.com       0.00      0.00      0.00        33
          steve.gilbert@enron.com       0.00      0.00      0.00        30
        steve.montovano@enron.com       0.00      0.00      0.00        33
           steve.walker@enron.com       1.00      0.20      0.33        35
           steve.walton@enron.com       0.00      0.00      0.00        31
           steve.weller@enron.com       0.00      0.00      0.00        33
          steven.harris@enron.com       0.03      0.11      0.04        90
         steven.january@enron.com       0.00      0.00      0.00        21
            steven.kean@enron.com       0.00      0.00      0.00        46
         stinson.gibner@enron.com       0.83      0.36      0.50        28
            sue.neville@enron.com       0.00      0.00      0.00        33
               sue.nord@enron.com       0.00      0.00      0.00        33
           susan.bailey@enron.com       0.09      0.11      0.10       132
            susan.flynn@enron.com       0.50      0.04      0.07        27
         susan.landwehr@enron.com       0.00      0.00      0.00        23
             susan.mara@enron.com       0.06      0.18      0.09       300
            susan.scott@enron.com       0.72      0.75      0.73        24
          susan.trevino@enron.com       0.00      0.00      0.00        20
          suzanne.adams@enron.com       0.64      0.63      0.64        93
            t..robinson@enron.com       1.00      0.95      0.98        22
         tammie.schoppe@enron.com       0.00      0.00      0.00        21
             tana.jones@enron.com       0.28      0.46      0.35       228
           tanya.leslie@enron.com       0.00      0.00      0.00        41
          tanya.rohauer@enron.com       0.26      0.16      0.20        63
             tasha.lair@enron.com       0.00      0.00      0.00        41
             ted.murphy@enron.com       1.00      0.05      0.09        41
         terri.greenlee@enron.com       0.00      0.00      0.00        41
           terri.miller@enron.com       0.00      0.00      0.00        29
          terry.kowalke@enron.com       0.28      0.20      0.23        35
           thane.twiggs@enron.com       0.00      0.00      0.00        29
        theresa.branney@enron.com       0.00      0.00      0.00        27
             tim.belden@enron.com       0.33      0.15      0.20       131
           tim.johanson@enron.com       1.00      0.03      0.06        33
      timothy.blanchard@enron.com       0.24      0.17      0.20        40
              tk.lohman@enron.com       0.01      0.03      0.01        73
             todd.bland@enron.com       0.00      0.00      0.00        20
             tom.briggs@enron.com       0.00      0.00      0.00        26
            tom.hoatson@enron.com       1.00      0.04      0.07        27
              tom.moran@enron.com       0.71      0.43      0.54        46
             tony.perry@enron.com       0.00      0.00      0.00        20
          tony.spruiell@enron.com       0.00      0.00      0.00        41
         tracy.geaccone@enron.com       0.44      0.15      0.22        27
                 triley@enron.com       0.00      0.00      0.00        38
         troy.klussmann@enron.com       0.00      0.00      0.00        21
           twanda.sweet@enron.com       0.75      0.26      0.39        34
              v..porter@enron.com       1.00      0.60      0.75        20
        vernon.mercaldo@enron.com       0.00      0.00      0.00        34
      veronica.espinoza@enron.com       0.58      0.47      0.52        32
            vicki.sharp@enron.com       0.10      0.02      0.04        84
        victor.lamadrid@enron.com       0.07      0.05      0.06        55
        victoria.versen@enron.com       0.20      0.05      0.08        21
         vince.kaminski@enron.com       0.75      0.35      0.47        26
           vinio.floris@enron.com       0.00      0.00      0.00        30
         vladimir.gorny@enron.com       0.00      0.00      0.00        41
            wanda.curry@enron.com       0.50      0.03      0.05        79
                  wgang@enron.com       0.00      0.00      0.00        30
       william.bradford@enron.com       1.00      0.34      0.51        41

                      avg / total       0.22      0.18      0.17     18055

Accuracy: 0.179617834395
