
### PREPROCESSING DATA ###
-- Vectorization
-- Feature Selection
Top 5591 features were selected

Top 30 Features:
                          token               score p-val
0                        x57095  14625.401583510442   0.0
1                        x66002   2413.483136001117   0.0
2                       diamond  1957.9012640338399   0.0
3                        sparki  1383.4960035666038   0.0
4                     pdxectect   733.2282576900748   0.0
5                 schedulingiso   701.6726937846581   0.0
6   oportlandwestdeskcalifornia   701.6726937846581   0.0
7                          pars   687.5704119595641   0.0
8                     hourahead    661.845910701514   0.0
9                       varianc   660.9411250186104   0.0
10                       detect   634.3857932456237   0.0
11                       samuel   582.5185386692814   0.0
12              schotthouectect   528.6752749761374   0.0
13                          log   519.0773094393022   0.0
14             lamberthouectect   512.9544108657964   0.0
15                           df   510.6154626355066   0.0
16                    ancillari  481.60640927387425   0.0
17                        debbi   480.1220413090751   0.0
18                        brant   474.7883071119541   0.0
19                   7133453200   472.2515130449619   0.0
20                   8779260615   472.2515130449619   0.0
21                        pmail   472.2515130449619   0.0
22          8779260615skytelcom   472.2515130449619   0.0
23              taylorhouectect   459.0091602394224   0.0
24                       russel   458.9986906499091   0.0
25                         hour  458.29854753520954   0.0
26               hardylonectect   457.4520114250669   0.0
27            bracketthouectect   422.7329228340482   0.0
28                        award   404.7422320212501   0.0
29                          eol  387.98939719774455   0.0 


### CLASSIFICATION using Linear SVM ###
[LibLinear]Training time: 3.37 m
Prediction time: 0.01 m
                                   precision    recall  f1-score   support

         alan.aronowitz@enron.com       0.01      0.01      0.01        76
            alan.comnes@enron.com       0.19      0.16      0.17       154
           alberto.levy@enron.com       0.00      0.00      0.00        20
           aleck.dadson@enron.com       1.00      0.04      0.08        23
            all.houston@enron.com       0.82      0.97      0.89        32
          all.worldwide@enron.com       0.78      0.84      0.81        37
            allen.cohrs@enron.com       1.00      0.03      0.06        30
        amanda.rybarski@enron.com       0.38      0.12      0.18        25
            andrea.calo@enron.com       0.02      0.03      0.03        32
         angela.schwarz@enron.com       0.00      0.00      0.00        42
         anthony.campos@enron.com       0.00      0.00      0.00        21
             ava.garcia@enron.com       1.00      0.32      0.48        22
         barbara.hueter@enron.com       0.00      0.00      0.00        20
             ben.jacoby@enron.com       0.37      0.30      0.33        57
        benjamin.rogers@enron.com       0.71      0.71      0.71        21
     bernadette.hawkins@enron.com       0.00      0.00      0.00        29
      bernice.rodriguez@enron.com       0.00      0.00      0.00        23
            bert.meyers@enron.com       0.00      0.00      0.00        20
           beverly.aden@enron.com       1.00      0.07      0.14        41
          beverly.beaty@enron.com       0.17      0.17      0.17        24
            bill.fowler@enron.com       0.06      0.06      0.06        31
           bill.mangels@enron.com       0.17      0.05      0.07        21
             bill.moore@enron.com       0.00      0.00      0.00        25
             bill.votaw@enron.com       0.64      0.68      0.66        41
          bill.williams@enron.com       0.13      0.06      0.09        31
              bob.bowen@enron.com       0.01      0.02      0.01        46
           bob.burleson@enron.com       0.00      0.00      0.00        33
            bob.stevens@enron.com       0.00      0.00      0.00        32
            brant.reves@enron.com       0.00      0.00      0.00        24
         brenda.barreda@enron.com       0.00      0.00      0.00        41
        brenda.fletcher@enron.com       0.48      0.40      0.44        30
       brenda.whitehead@enron.com       0.58      0.52      0.55        27
           brent.hendry@enron.com       0.27      0.18      0.21        90
          brian.hoskins@enron.com       0.30      0.29      0.29        21
     bridgette.anderson@enron.com       0.00      0.00      0.00        20
            bruce.mills@enron.com       0.00      0.00      0.00        21
             bryan.hull@enron.com       0.17      0.24      0.20        75
            carlos.sole@enron.com       0.50      0.32      0.39        47
           carmen.perez@enron.com       0.00      0.00      0.00        20
            carol.clair@enron.com       0.18      0.11      0.14        70
          carol.moffett@enron.com       0.95      0.46      0.62        41
         carolyn.cooney@enron.com       0.00      0.00      0.00        30
      cassandra.schultz@enron.com       0.17      0.20      0.19        20
           cathy.corbin@enron.com       0.00      0.00      0.00        41
            chad.landry@enron.com       0.20      0.10      0.14        29
          charles.yeung@enron.com       0.00      0.00      0.00        31
           cheryl.dawes@enron.com       0.00      0.00      0.00        21
             chris.abel@enron.com       0.36      0.20      0.26        20
           chris.foster@enron.com       0.22      0.17      0.19        48
             chris.long@enron.com       0.00      0.00      0.00        24
          chris.sebesta@enron.com       0.00      0.00      0.00        31
        christa.winfrey@enron.com       0.00      0.00      0.00        20
        christi.nicolay@enron.com       1.00      0.05      0.09        21
        christian.yoder@enron.com       0.00      0.00      0.00        22
      christina.liscano@enron.com       0.00      0.00      0.00        41
       christine.stokes@enron.com       0.00      0.00      0.00        29
     christopher.calger@enron.com       0.42      0.15      0.22        34
        chuck.wilkinson@enron.com       0.00      0.00      0.00        33
             cindy.horn@enron.com       0.00      0.00      0.00        21
     controllers.dl-ets@enron.com       0.83      0.92      0.87        26
        courtney.barker@enron.com       0.00      0.00      0.00        24
          craig.buehler@enron.com       0.00      0.00      0.00        32
             craig.dean@enron.com       0.00      0.00      0.00        22
          craig.rickard@enron.com       0.00      0.00      0.00        21
           craig.sutter@enron.com       1.00      0.10      0.18        41
cyndie.balfour-flanagan@enron.com       0.00      0.00      0.00        21
             d..steffes@enron.com       0.64      0.83      0.72        47
            dan.dorland@enron.com       0.44      0.20      0.28        20
              dan.junek@enron.com       0.19      0.30      0.24        23
               dan.leff@enron.com       0.83      0.07      0.13        70
            dan.staines@enron.com       0.00      0.00      0.00        30
             dana.jones@enron.com       0.00      0.00      0.00        30
      daniel.allegretti@enron.com       0.00      0.00      0.00        33
           daren.farmer@enron.com       0.78      0.85      0.81        33
          dave.neubauer@enron.com       0.00      0.00      0.00        34
            david.allan@enron.com       0.16      0.14      0.15        28
           david.badura@enron.com       0.00      0.00      0.00        20
         david.baumbach@enron.com       0.21      0.16      0.18        31
            david.hardy@enron.com       0.00      0.00      0.00        22
            david.minns@enron.com       0.56      0.71      0.63        59
             david.port@enron.com       0.45      0.59      0.51        22
            david.portz@enron.com       0.53      0.28      0.37        32
        debbie.brackett@enron.com       0.00      0.00      0.00        21
       debora.whitehead@enron.com       1.00      0.12      0.22        41
      debra.perlingiere@enron.com       0.00      0.00      0.00        21
       dennis.benevides@enron.com       0.12      0.01      0.02        72
            dianne.seib@enron.com       0.00      0.00      0.00        20
           dick.jenkins@enron.com       0.07      0.08      0.08        25
           dirk.dimitry@enron.com       0.11      0.09      0.10        23
          dirk.vanulden@enron.com       0.00      0.00      0.00        35
              don.black@enron.com       0.45      0.20      0.28        70
             don.powell@enron.com       0.12      0.03      0.05        30
         donald.lassere@enron.com       0.00      0.00      0.00        31
           donna.fulton@enron.com       0.00      0.00      0.00        24
     dorothy.youngblood@enron.com       0.08      0.02      0.04        41
         douglas.condon@enron.com       0.00      0.00      0.00        31
           douglas.huth@enron.com       0.17      0.02      0.04        42
              e..carter@enron.com       0.97      1.00      0.99        33
           edward.sacks@enron.com       0.00      0.00      0.00        42
         eileen.peebles@enron.com       0.00      0.00      0.00        25
      elizabeth.linnell@enron.com       0.00      0.00      0.00        33
        elizabeth.sager@enron.com       0.08      0.03      0.04        33
              elsie.lew@enron.com       0.00      0.00      0.00        21
         eric.gillaspie@enron.com       0.88      0.71      0.79        21
             eric.letke@enron.com       0.00      0.00      0.00        26
            eric.melvin@enron.com       0.62      0.37      0.46        41
            erika.dupre@enron.com       0.00      0.00      0.00        41
            evan.hughes@enron.com       0.33      0.02      0.04        43
         evelyn.metoyer@enron.com       0.81      0.81      0.81        47
           fran.deltoro@enron.com       0.93      0.32      0.47        41
            frank.davis@enron.com       0.30      0.35      0.32        49
        frank.oldenhuis@enron.com       0.00      0.00      0.00        33
            frank.rishe@enron.com       0.00      0.00      0.00        30
            frank.semin@enron.com       0.00      0.00      0.00        32
         gabriel.monroy@enron.com       0.47      0.59      0.52        46
           gayle.muench@enron.com       0.00      0.00      0.00        41
           geir.solberg@enron.com       0.00      0.00      0.00        23
       genia.fitzgerald@enron.com       0.00      0.00      0.00        20
           geoff.storey@enron.com       0.00      0.00      0.00        21
         geriann.warner@enron.com       0.00      0.00      0.00        30
         germain.palmer@enron.com       0.00      0.00      0.00        20
         ginger.dernehl@enron.com       0.00      0.00      0.00        82
          gloria.ogenyi@enron.com       0.00      0.00      0.00        30
          gordon.savage@enron.com       1.00      0.07      0.13        42
             greg.wolfe@enron.com       0.88      0.20      0.33        35
      guillermo.canovas@enron.com       0.00      0.00      0.00        20
        harold.buchanan@enron.com       0.00      0.00      0.00        41
          harry.collins@enron.com       0.17      0.18      0.17        85
        harry.kingerski@enron.com       0.03      0.06      0.04       179
          heather.kroll@enron.com       0.56      0.31      0.40        29
          howard.fromer@enron.com       0.00      0.00      0.00        33
             iris.waser@enron.com       0.00      0.00      0.00        41
               j.harris@enron.com       0.81      0.90      0.85        29
            james.bryja@enron.com       0.00      0.00      0.00        21
            james.lewis@enron.com       0.00      0.00      0.00        42
         james.saunders@enron.com       0.10      0.09      0.09        23
          james.steffes@enron.com       0.05      0.13      0.07       263
           james.wright@enron.com       0.01      0.09      0.02       108
           jane.mcbride@enron.com       0.00      0.00      0.00        36
         janel.guerrero@enron.com       0.03      0.01      0.02        87
           janet.bowers@enron.com       0.00      0.00      0.00        33
      janette.elbertson@enron.com       0.90      0.43      0.58        21
          janine.migden@enron.com       0.00      0.00      0.00        32
          jean.dressler@enron.com       0.00      0.00      0.00        29
             jean.ryall@enron.com       0.00      0.00      0.00        27
          jeff.dasovich@enron.com       0.11      0.35      0.17       313
           jeff.messina@enron.com       0.00      0.00      0.00        41
           jeff.nielsen@enron.com       0.00      0.00      0.00        27
        jeffery.fawcett@enron.com       0.00      0.00      0.00        38
          jeffrey.hodge@enron.com       0.02      0.01      0.02        74
         jennifer.burns@enron.com       0.59      0.85      0.70        46
        jennifer.fraser@enron.com       0.72      0.59      0.65        22
       jennifer.rudolph@enron.com       0.00      0.00      0.00        39
        jeremy.blachman@enron.com       0.00      0.00      0.00        80
            jeremy.wong@enron.com       0.00      0.00      0.00        20
            jess.hewitt@enron.com       0.00      0.00      0.00        41
              jim.homco@enron.com       0.00      0.00      0.00        21
           jim.wiltfong@enron.com       0.00      0.00      0.00        24
            jo.williams@enron.com       0.08      0.34      0.13        35
             joan.quick@enron.com       0.00      0.00      0.00        21
          joann.collins@enron.com       0.39      0.47      0.42        30
              joe.allen@enron.com       0.00      0.00      0.00        30
             joe.connor@enron.com       0.00      0.00      0.00        29
            joe.hartsoe@enron.com       0.40      0.29      0.33       112
          john.buchanan@enron.com       0.23      0.33      0.27        40
         john.dushinske@enron.com       0.00      0.00      0.00        35
            john.fiscus@enron.com       0.00      0.00      0.00        30
          john.lavorato@enron.com       0.86      0.95      0.90        20
           john.neslage@enron.com       1.00      0.35      0.51        26
     john.postlethwaite@enron.com       0.95      1.00      0.98        21
          john.viverito@enron.com       0.00      0.00      0.00        40
         joni.bollinger@enron.com       0.00      0.00      0.00        31
           joseph.alamo@enron.com       0.13      0.17      0.15        87
         juan.hernandez@enron.com       0.64      0.35      0.45        20
          jubran.whalan@enron.com       0.00      0.00      0.00        60
          judy.townsend@enron.com       0.10      0.07      0.09        27
            karen.denne@enron.com       0.11      0.12      0.11       181
       karen.lagerstrom@enron.com       0.00      0.00      0.00        32
          karen.lambert@enron.com       0.00      0.00      0.00        21
             kate.symes@enron.com       0.56      0.74      0.63       183
      kathleen.carnahan@enron.com       0.43      0.46      0.44        56
      kathleen.sullivan@enron.com       0.00      0.00      0.00        29
       kathryn.corbally@enron.com       0.00      0.00      0.00        42
             kathy.bass@enron.com       0.00      0.00      0.00        41
           kathy.dodgen@enron.com       0.00      0.00      0.00        42
               kay.mann@enron.com       0.37      0.43      0.40        68
             kay.threet@enron.com       0.00      0.00      0.00        32
             kaye.ellis@enron.com       0.36      0.31      0.33        42
          ken.gustafson@enron.com       1.00      0.38      0.55        42
             ken.powers@enron.com       0.00      0.00      0.00        30
            kent.miller@enron.com       0.00      0.00      0.00        34
         kerri.thompson@enron.com       0.65      0.78      0.71        45
           kerry.stroup@enron.com       0.00      0.00      0.00        30
           kevin.hughes@enron.com       0.00      0.00      0.00        41
            kevin.hyatt@enron.com       0.00      0.00      0.00        51
        kimberly.watson@enron.com       0.00      0.00      0.00        38
         kirsten.bellas@enron.com       0.00      0.00      0.00        27
             kori.loibl@enron.com       0.00      0.00      0.00        24
             l..nicolay@enron.com       0.94      0.94      0.94        34
           lara.leibman@enron.com       0.00      0.00      0.00        30
           larry.pavlou@enron.com       0.00      0.00      0.00        34
            larry.swett@enron.com       0.00      0.00      0.00        30
       laura.lantefield@enron.com       0.00      0.00      0.00        31
           laurel.adams@enron.com       0.00      0.00      0.00        21
          laurie.knight@enron.com       0.00      0.00      0.00        29
           leaf.harasin@enron.com       0.00      0.00      0.00        20
            leasa.lopez@enron.com       0.00      0.00      0.00        41
            lee.ferrell@enron.com       0.00      0.00      0.00        23
              lee.huber@enron.com       0.00      0.00      0.00        24
          leslie.hansen@enron.com       0.04      0.07      0.05        69
          leslie.lawner@enron.com       0.00      0.00      0.00        31
        leticia.botello@enron.com       0.00      0.00      0.00        41
            linda.guinn@enron.com       0.79      0.48      0.59        23
        linda.robertson@enron.com       0.02      0.01      0.01        96
           lindy.donoho@enron.com       0.00      0.00      0.00        72
             lisa.bills@enron.com       0.17      0.09      0.11        23
          lisa.gillette@enron.com       0.29      0.33      0.31        36
              lisa.lees@enron.com       0.29      0.17      0.21        24
            lisa.valley@enron.com       0.00      0.00      0.00        31
              lisa.yoho@enron.com       0.00      0.00      0.00        32
            liz.hillman@enron.com       0.00      0.00      0.00        21
            lon.stanton@enron.com       0.08      0.17      0.11        24
          lora.sullivan@enron.com       0.00      0.00      0.00        30
          loren.penkava@enron.com       0.00      0.00      0.00        31
      lorraine.lindberg@enron.com       0.00      0.01      0.01        73
         louise.kitchen@enron.com       0.41      0.46      0.44        26
              luis.mena@enron.com       0.36      0.17      0.24        23
             lynn.blair@enron.com       0.00      0.00      0.00        21
           lynn.shivers@enron.com       0.00      0.00      0.00        21
      marchris.robinson@enron.com       0.00      0.00      0.00        30
            marie.heard@enron.com       0.13      0.09      0.11       107
        marilyn.colbert@enron.com       0.04      0.09      0.06        22
            mark.guzman@enron.com       0.42      0.53      0.47        43
            mark.muller@enron.com       0.35      0.34      0.35        41
            mark.taylor@enron.com       0.27      0.35      0.30       173
           marsha.suggs@enron.com       0.00      0.00      0.00        41
          martha.benner@enron.com       0.73      0.97      0.83        36
        martha.janousek@enron.com       0.00      0.00      0.00        32
          martin.wenzel@enron.com       0.00      0.00      0.00        30
            marty.sunde@enron.com       1.00      0.23      0.38        43
              mary.cook@enron.com       0.67      0.17      0.27        24
              mary.hain@enron.com       0.00      0.00      0.00        45
        matthew.lenhart@enron.com       0.14      0.10      0.12        39
       maureen.mcvicker@enron.com       0.18      0.36      0.24        70
         melinda.pharms@enron.com       0.00      0.00      0.00        24
     meredith.eggleston@enron.com       0.00      0.00      0.00        41
         michael.bodnar@enron.com       0.00      0.00      0.00        20
          michael.eiben@enron.com       0.00      0.00      0.00        21
       michael.etringer@enron.com       0.06      0.02      0.03        50
           michael.mann@enron.com       0.09      0.02      0.04        42
         michael.ratner@enron.com       0.00      0.00      0.00        32
          michael.stage@enron.com       0.00      0.00      0.00        24
       michael.tribolet@enron.com       0.09      0.06      0.07        78
      michelle.cisneros@enron.com       0.00      0.00      0.00        42
         michelle.lokay@enron.com       0.01      0.03      0.01        75
        michelle.nelson@enron.com       0.10      0.26      0.15        86
             mike.barry@enron.com       0.00      0.00      0.00        31
          mike.croucher@enron.com       0.00      0.00      0.00        21
             mike.maggi@enron.com       0.31      0.75      0.44       122
           mike.mcgowan@enron.com       0.00      0.00      0.00        22
             mike.smith@enron.com       0.55      0.33      0.41        69
             mike.ullom@enron.com       0.00      0.00      0.00        21
        miriam.martinez@enron.com       0.00      0.00      0.00        20
         mona.petrochko@enron.com       0.00      0.00      0.00        47
      morgan.gottsponer@enron.com       0.00      0.00      0.00        24
                mpalmer@enron.com       0.02      0.01      0.01        89
          nancy.hetrick@enron.com       0.00      0.00      0.00        30
         nathan.hlavaty@enron.com       0.00      0.00      0.00        21
              neal.shaw@enron.com       0.00      0.00      0.00        20
           neil.bresnan@enron.com       0.00      0.00      0.00        43
              neil.hong@enron.com       0.00      0.00      0.00        41
          nicholas.oday@enron.com       0.56      0.70      0.62        27
          oneal.winfree@enron.com       0.08      0.09      0.09        23
          patrick.keene@enron.com       0.00      0.00      0.00        31
         patti.thompson@enron.com       0.59      0.64      0.62        25
           paul.kaufman@enron.com       0.14      0.25      0.18       255
           paula.warren@enron.com       0.91      0.24      0.38        41
         peggy.hedstrom@enron.com       0.00      0.00      0.00        21
         penny.mccarran@enron.com       0.00      0.00      0.00        33
             pete.davis@enron.com       1.00      1.00      1.00       610
          peter.keohane@enron.com       0.04      0.03      0.03        38
           phillip.love@enron.com       0.50      0.26      0.34        23
         portland.shift@enron.com       0.68      0.71      0.69        24
              r..conner@enron.com       0.95      0.90      0.93        21
            rahil.jafry@enron.com       0.00      0.00      0.00        21
            ray.alvarez@enron.com       0.05      0.04      0.05        24
       reagan.rorschach@enron.com       0.45      0.38      0.42        26
             recipients@enron.com       1.00      1.00      1.00        46
          reyna.cabrera@enron.com       0.00      0.00      0.00        29
      richard.ingersoll@enron.com       0.08      0.05      0.06        22
        richard.leibert@enron.com       0.00      0.00      0.00        42
         richard.mckeel@enron.com       0.00      0.00      0.00        21
        richard.sanders@enron.com       0.04      0.24      0.08       120
        richard.shapiro@enron.com       0.07      0.24      0.11       346
     richard.zdunkewicz@enron.com       0.00      0.00      0.00        41
               rick.buy@enron.com       0.13      0.14      0.14        21
             rick.dietz@enron.com       0.00      0.00      0.00        21
          rita.hennessy@enron.com       0.00      0.00      0.00        41
             rita.wynne@enron.com       0.00      0.00      0.00        20
             rob.wilson@enron.com       0.16      0.12      0.14        24
            robbi.rossi@enron.com       0.06      0.04      0.05        57
         robert.allwein@enron.com       0.22      0.18      0.20        34
          robert.badeer@enron.com       0.86      0.12      0.21        49
           robert.frank@enron.com       0.56      0.10      0.16        52
        robert.hemstock@enron.com       0.00      0.00      0.00        32
           robert.mason@enron.com       0.00      0.00      0.00        28
     robert.neustaedter@enron.com       0.00      0.00      0.00        31
        robert.williams@enron.com       0.83      0.45      0.59        44
            robin.barbe@enron.com       0.10      0.04      0.05        27
          rockey.storie@enron.com       0.00      0.00      0.00        21
             roger.yang@enron.com       0.56      0.18      0.27        50
         rogers.herndon@enron.com       0.95      0.86      0.90        22
           romeo.dsouza@enron.com       0.00      0.00      0.00        21
     rosalinda.tijerina@enron.com       0.00      0.00      0.00        41
      roseann.engeldorf@enron.com       0.15      0.11      0.13        35
             roy.boston@enron.com       0.00      0.00      0.00        30
         rubena.buerger@enron.com       0.00      0.00      0.00        30
        russell.diamond@enron.com       0.02      0.04      0.02        49
           ryan.slinger@enron.com       0.00      0.00      0.00        22
          samantha.boyd@enron.com       0.24      0.16      0.19        31
        sandra.mccubbin@enron.com       0.24      0.25      0.25       156
        sara.shackleton@enron.com       0.25      0.42      0.32       233
         sarabeth.smith@enron.com       0.00      0.00      0.00        22
          sarah.novosel@enron.com       0.08      0.10      0.09       168
           scott.bolton@enron.com       0.05      0.03      0.04        30
             scott.gahn@enron.com       0.57      0.08      0.15        48
          scott.goodell@enron.com       0.38      0.36      0.37        36
      scott.hendrickson@enron.com       0.25      0.29      0.27        21
          scott.stoness@enron.com       0.13      0.10      0.11        49
         scotty.gilbert@enron.com       0.00      0.00      0.00        21
             sean.bolks@enron.com       0.00      0.00      0.00        32
        settlements.ees@enron.com       1.00      1.00      1.00        20
          shanna.husser@enron.com       0.31      0.24      0.27        41
           sharen.cason@enron.com       0.62      0.76      0.68        21
            shari.stack@enron.com       0.10      0.02      0.04        41
            sharon.dick@enron.com       0.00      0.00      0.00        42
           sheila.nacey@enron.com       0.00      0.00      0.00        21
           sheila.tweed@enron.com       0.33      0.22      0.26        41
         shelley.corman@enron.com       0.40      0.26      0.32        23
           sheri.thomas@enron.com       0.00      0.00      0.00        22
       shirley.crenshaw@enron.com       0.48      0.70      0.57        67
                  skean@enron.com       0.00      0.00      0.00       105
      stacey.richardson@enron.com       0.00      0.00      0.00        23
          stacy.dickson@enron.com       0.02      0.02      0.02        54
     stephanie.korbelik@enron.com       0.00      0.00      0.00        30
        stephanie.panus@enron.com       0.18      0.19      0.19        36
       stephanie.piwetz@enron.com       0.80      0.55      0.65        22
        stephanie.sever@enron.com       0.26      0.32      0.29        37
          stephen.burns@enron.com       0.00      0.00      0.00        29
         stephen.herber@enron.com       0.00      0.00      0.00        33
          steve.gilbert@enron.com       0.00      0.00      0.00        30
        steve.montovano@enron.com       0.00      0.00      0.00        33
           steve.walker@enron.com       1.00      0.43      0.60        35
           steve.walton@enron.com       0.00      0.00      0.00        31
           steve.weller@enron.com       0.00      0.00      0.00        33
          steven.harris@enron.com       0.03      0.13      0.05        90
         steven.january@enron.com       0.00      0.00      0.00        21
            steven.kean@enron.com       0.05      0.02      0.03        46
         stinson.gibner@enron.com       0.65      0.39      0.49        28
            sue.neville@enron.com       0.09      0.15      0.11        33
               sue.nord@enron.com       0.20      0.03      0.05        33
           susan.bailey@enron.com       0.04      0.05      0.05       132
            susan.flynn@enron.com       0.29      0.07      0.12        27
         susan.landwehr@enron.com       0.00      0.00      0.00        23
             susan.mara@enron.com       0.11      0.29      0.16       300
            susan.scott@enron.com       0.90      0.79      0.84        24
          susan.trevino@enron.com       0.00      0.00      0.00        20
          suzanne.adams@enron.com       0.52      0.62      0.57        93
            t..robinson@enron.com       0.96      1.00      0.98        22
         tammie.schoppe@enron.com       0.22      0.10      0.13        21
             tana.jones@enron.com       0.17      0.34      0.22       228
           tanya.leslie@enron.com       1.00      0.05      0.09        41
          tanya.rohauer@enron.com       0.22      0.21      0.21        63
             tasha.lair@enron.com       0.00      0.00      0.00        41
             ted.murphy@enron.com       0.64      0.66      0.65        41
         terri.greenlee@enron.com       0.00      0.00      0.00        41
           terri.miller@enron.com       0.00      0.00      0.00        29
          terry.kowalke@enron.com       0.17      0.20      0.18        35
           thane.twiggs@enron.com       0.00      0.00      0.00        29
        theresa.branney@enron.com       0.00      0.00      0.00        27
             tim.belden@enron.com       0.20      0.37      0.26       131
           tim.johanson@enron.com       0.11      0.30      0.16        33
      timothy.blanchard@enron.com       0.40      0.20      0.27        40
              tk.lohman@enron.com       0.00      0.00      0.00        73
             todd.bland@enron.com       0.00      0.00      0.00        20
             tom.briggs@enron.com       0.05      0.04      0.04        26
            tom.hoatson@enron.com       0.33      0.04      0.07        27
              tom.moran@enron.com       0.49      0.39      0.43        46
             tony.perry@enron.com       0.00      0.00      0.00        20
          tony.spruiell@enron.com       1.00      0.29      0.45        41
         tracy.geaccone@enron.com       0.26      0.19      0.22        27
                 triley@enron.com       0.00      0.00      0.00        38
         troy.klussmann@enron.com       0.00      0.00      0.00        21
           twanda.sweet@enron.com       0.70      0.68      0.69        34
              v..porter@enron.com       0.94      0.85      0.89        20
        vernon.mercaldo@enron.com       0.00      0.00      0.00        34
      veronica.espinoza@enron.com       0.42      0.47      0.44        32
            vicki.sharp@enron.com       0.33      0.06      0.10        84
        victor.lamadrid@enron.com       0.04      0.07      0.05        55
        victoria.versen@enron.com       0.18      0.14      0.16        21
         vince.kaminski@enron.com       0.42      0.38      0.40        26
           vinio.floris@enron.com       0.00      0.00      0.00        30
         vladimir.gorny@enron.com       0.00      0.00      0.00        41
            wanda.curry@enron.com       0.07      0.03      0.04        79
                  wgang@enron.com       0.00      0.00      0.00        30
       william.bradford@enron.com       0.94      0.39      0.55        41

                      avg / total       0.23      0.21      0.19     18055

Accuracy: 0.205981722515
